ld: warning: object file (./tmp/mac/Debug/MapGeneration.o) was built for newer OSX version (10.11) than being linked (10.7)
ld: warning: object file (./tmp/mac/Debug/SwinGame.o) was built for newer OSX version (10.11) than being linked (10.7)
ld: war20 lines compiled, 0.4 sec 
/Debug/sgTypes.o) was built for newer OSX version (10.11) than being linked (10.7)
ld: warning: object file (./tmp/mac/Debug/sgAnimations.o) was built for newer OSX version (10.11) than being linked (10.7)
ld: warning: object file (./tmp/mac/Debug/sgAudio.o) was built for newer OSX version (10.11) than being linked (10.7)
ld: warning: object file (./tmp/mac/Debug/sgCamera.o) was built for newer OSX version (10.11) than being linked (10.7)
ld: warning: object file (./tmp/mac/Debug/sgGeometry.o) was built for newer OSX version (10.11) than being linked (10.7)
ld: warning: object file (./tmp/mac/Debug/sgGraphics.o) was built for newer OSX version (10.11) than being linked (10.7)
ld: warning: object file (./tmp/mac/Debug/sgImages.o) was built for newer OSX version (10.11) than being linked (10.7)
ld: warning: object file (./tmp/mac/Debug/sgInput.o) was built for newer OSX version (10.11) than being linked (10.7)
ld: warning: object file (./tmp/mac/Debug/sgNetworking.o) was built for newer OSX version (10.11) than being linked (10.7)
ld: warning: object file (./tmp/mac/Debug/sgWeb.o) was built for newer OSX version (10.11) than being linked (10.7)ld: warning: 
ld: warning: object file (./tmp/mac/Debug/sgPhysics.o) was built for newer OSX version (10.11) than being linked (10.7)ld: warning: object file (./tmp/mac/Debug/sgResources.o) was built for newer OSX version (10.11) than being linked (10.7)
object file (./tmp/mac/Debug/sgSprites.o) was built for newer OSX version (10.11) than being linked (10.7)ld: warning: 

object file (./tmp/mac/Debug/sgText.o) was built for newer OSX version (10.11) than being linked (10.7)ld: warning: 
object file (./tmp/mac/Debug/sgTimers.o) was built for newer OSX version (10.11) than being linked (10.7)
ld: warning: object file (./tmp/mac/Debug/sgUtils.o) was built for newer OSX version (10.11) than being linked (10.7)
ld: warning: object file (./tmp/mac/Debug/sgUserInterface.o) was built for newer OSX version (10.11) than being linked (10.7)
ld: warning: object file (./tmp/mac/Debug/sgArduino.o) was built for newer OSX version (10.11) than being linked (10.7)
ld: warning: object file (./tmp/mac/Debug/sgDrawingOptions.o) was built for newer OSX version (10.11) than being linked (10.7)
ld: warning: object file (./tmp/mac/Debug/sgWindowManager.o) was built for newer OSX version (10.11) than being linked (10.7)
ld: warning: object file (./tmp/mac/Debug/sgShared.o) was built for newer OSX version (10.11) than being linked (10.7)
ld: warning: object file (./tmp/mac/Debug/stringhash.o) was built for newer OSX version (10.11) than being linked (10.7)
ld: warning: object file (./tmp/mac/Debug/sgInputBackend.o) was built for newer OSX version (10.11) than being linked (10.7)
ld: warning: ld: warning: object file (./tmp/mac/Debug/sgBackendTypes.o) was built for newer OSX version (10.11) than being linked (10.7)ld: warning: object file (./tmp/mac/Debug/comparable.o) was built for newer OSX version (10.11) than being linked (10.7)
object file (./tmp/mac/Debug/hashtable.o) was built for newer OSX version (10.11) than being linked (10.7)

ld: warning: object file (./tmp/mac/Debug/sgDriverSDL2Types.o) was built for newer OSX version (10.11) than being linked (10.7)
ld: warning: object file (./tmp/mac/Debug/sgNamedIndexCollection.o) was built for newer OSX version (10.11) than being linked (10.7)
ld: warning: object file (./tmp/mac/Debug/sgDriverGraphics.o) was built for newer OSX version (10.11) than being linked (10.7)
ld: warning: object file (./tmp/mac/Debug/sgDriverImages.o) was built for newer OSX version (10.11) than being linked (10.7)
ld: warning: object file (./tmp/mac/Debug/sgDriverInput.o) was built for newer OSX version (10.11) than being linked (10.7)
ld: warning: object file (./tmp/mac/Debug/sgSharedUtils.o) was built for newer OSX version (10.11) than being linked (10.7)ld: warning: 
object file (./tmp/mac/Debug/sgDriverTimer.o) was built for newer OSX version (10.11) than being linked (10.7)
ld: warning: object file (./tmp/mac/Debug/sgTrace.o) was built for newer OSX version (10.11) than being linked (10.7)
ld: warning: object file (./tmp/mac/Debug/sgDriver.o) was built for newer OSX version (10.11) than being linked (10.7)
ld: warning: object file (./tmp/mac/Debug/sgDriverText.o) was built for newer OSX version (10.11) than being linked (10.7)
ld: warning: object file (./tmp/mac/Debug/GeometryHelper.o) was built for newer OSX version (10.11) than being linked (10.7)
ld: warning: object file (./tmp/mac/Debug/sgDriverSDL2.o) was built for newer OSX version (10.11) than being linked (10.7)
ld: warning: object file (./tmp/mac/Debug/sgMinSDL2.o) was built for newer OSX version (10.11) than being linked (10.7)
ld: warning: object file (./tmp/mac/Debug/SpritePack.o) was built for newer OSX version (10.11) than being linked (10.7)
ld: warning: object file (./tmp/mac/Debug/sgDriverAudio.o) was built for newer OSX version (10.11) than being linked (10.7)
ld: warning: object file (./tmp/mac/Debug/sgDriverAudioSDL2.o) was built for newer OSX version (10.11) than being linked (10.7)
ld: warning: object file (./tmp/mac/Debug/sgDriverTimerSDL2.o) was built for newer OSX version (10.11) than being linked (10.7)
ld: warning: ld: warning: object file (./tmp/mac/Debug/sgDriverTextSDL2.o) was built for newer OSX version (10.11) than being linked (10.7)object file (./tmp/mac/Debug/synaser.o) was built for newer OSX version (10.11) than being linked (10.7)

ld: warning: object file (./tmp/mac/Debug/synafpc.o) was built for newer OSX version (10.11) than being linked (10.7)
ld: warning: object file (./tmp/mac/Debug/synautil.o) was built for newer OSX version (10.11) than being linked (10.7)
ld: warning: object file (./tmp/mac/Debug/sgDriverWeb.o) was built for newer OSX version (10.11) than being linked (10.7)
ld: warning: object file (./lib/mac//libsgsdl2.a(SGSDL2Core.o)) was built for newer OSX version (10.9) than being linked (10.7)
ld: warning: object file (./lib/mac//libsgsdl2.a(SDL_dynapi.o)) was built for newer OSX version (10.9) than being linked (10.7)
ld: warning: object file (./lib/mac//libsgsdl2.a(SGSDL2Network.o)) was built for newer OSX version (10.9) than being linked (10.7)
ld: warning: object file (./lib/mac//libsgsdl2.a(SGSDL2Web.o)) was built for newer OSX version (10.9) than being linked (10.7)
ld: warning: object file (./lib/mac//libsgsdl2.a(SGSDL2Text.o)) was built for newer OSX version (10.9) than being linked (10.7)
ld: warning: object file (./lib/mac//libsgsdl2.a(SGSDL2Audio.o)) was built for newer OSX version (10.9) than being linked (10.7)
ld: warning: object file (./lib/mac//libsgsdl2.a(SGSDL2Utils.o)) was built for newer OSX version (10.9) than being linked (10.7)
ld: warning: object file (./lib/mac//libsgsdl2.a(SGSDL2Graphics.o)) was built for newer OSX version (10.9) than being linked (10.7)
ld: warning: object file (./lib/mac//libsgsdl2.a(SGSDL2Input.o)) was built for newer OSX version (10.9) than being linked (10.7)
ld: warning: object file (./lib/mac//libsgsdl2.a(sgBackendUtils.o)) was built for newer OSX version (10.9) than being linked (10.7)
ld: warning: object file (./lib/mac//libsgsdl2.a(SDL_events.o)) was built for newer OSX version (10.9) than being linked (10.7)
ld: warning: object file (./lib/mac//libsgsdl2.a(SDL_hints.o)) was built for newer OSX version (10.9) than being linked (10.7)
ld: warning: object file (./lib/mac//libsgsdl2.a(SDL_timer.o)) was built for newer OSX version (10.9) than being linked (10.7)
ld: warning: object file (./lib/mac//libsgsdl2.a(SDL_pixels.o)) was built for newer OSX version (10.9) than being linked (10.7)
ld: warning: object file (./lib/mac//libsgsdl2.a(SDL_rwops.o)) was built for newer OSX version (10.9) than being linked (10.7)
ld: warning: object file (./lib/mac//libsgsdl2.a(SDL_atomic.o)) was built for newer OSX version (10.9) than being linked (10.7)
ld: warning: object file (./lib/mac//libsgsdl2.a(SDL_spinlock.o)) was built for newer OSX version (10.9) than being linked (10.7)
ld: warning: object file (./lib/mac//libsgsdl2.a(SDL_audio.o)) was built for newer OSX version (10.9) than being linked (10.7)
ld: warning: object file (./lib/mac//libsgsdl2.a(SDL_audiocvt.o)) was built for newer OSX version (10.9) than being linked (10.7)
ld: warning: object file (./lib/mac//libsgsdl2.a(SDL_mouse.o)) was built for newer OSX version (10.9) than being linked (10.7)
ld: warning: object file (./lib/mac//libsgsdl2.a(SDL_error.o)) was built for newer OSX version (10.9) than being linked (10.7)
ld: warning: object file (./lib/mac//libsgsdl2.a(SDL_syscond.o)) was built for newer OSX version (10.9) than being linked (10.7)
ld: warning: object file (./lib/mac//libsgsdl2.a(SDL_surface.o)) was built for newer OSX version (10.9) than being linked (10.7)
ld: warning: object file (./lib/mac//libsgsdl2.a(SDL_sysmutex.o)) was built for newer OSX version (10.9) than being linked (10.7)
ld: warning: object file (./lib/mac//libsgsdl2.a(SDL_render.o)) was built for newer OSX version (10.9) than being linked (10.7)
ld: warning: object file (./lib/mac//libsgsdl2.a(SDL_syssem.o)) was built for newer OSX version (10.9) than being linked (10.7)
ld: warning: object file (./lib/mac//libsgsdl2.a(SDL_shape.o)) was built for newer OSX version (10.9) than being linked (10.7)
ld: warning: object file (./lib/mac//libsgsdl2.a(SDL_thread.o)) was built for newer OSX version (10.9) than being linked (10.7)
ld: warning: object file (./lib/mac//libsgsdl2.a(SDL_video.o)) was built for newer OSX version (10.9) than being linked (10.7)
ld: warning: object file (./lib/mac//libsgsdl2.a(SDL_systimer.o)) was built for newer OSX version (10.9) than being linked (10.7)
ld: warning: object file (./lib/mac//libsgsdl2.a(SDL_rect.o)) was built for newer OSX version (10.9) than being linked (10.7)
ld: warning: object file (./lib/mac//libsgsdl2.a(SDL_fillrect.o)) was built for newer OSX version (10.9) than being linked (10.7)
ld: warning: object file (./lib/mac//libsgsdl2.a(SDL_wave.o)) was built for newer OSX version (10.9) than being linked (10.7)
ld: warning: object file (./lib/mac//libsgsdl2.a(SDL_gamecontroller.o)) was built for newer OSX version (10.9) than being linked (10.7)
ld: warning: object file (./lib/mac//libsgsdl2.a(SDL_assert.o)) was built for newer OSX version (10.9) than being linked (10.7)
ld: warning: object file (./lib/mac//libsgsdl2.a(SDL_sysfilesystem.o)) was built for newer OSX version (10.9) than being linked (10.7)
ld: warning: object file (./lib/mac//libsgsdl2.a(SDL_cpuinfo.o)) was built for newer OSX version (10.9) than being linked (10.7)
ld: warning: object file (./lib/mac//libsgsdl2.a(SDL_clipboard.o)) was built for newer OSX version (10.9) than being linked (10.7)
ld: warning: object file (./lib/mac//libsgsdl2.a(SDL_keyboard.o)) was built for newer OSX version (10.9) than being linked (10.7)
ld: warning: object file (./lib/mac//libsgsdl2.a(SDL_touch.o)) was built for newer OSX version (10.9) than being linked (10.7)
ld: warning: object file (./lib/mac//libsgsdl2.a(SDL.o)) was built for newer OSX version (10.9) than being linked (10.7)
ld: warning: object file (./lib/mac//libsgsdl2.a(SDL_power.o)) was built for newer OSX version (10.9) than being linked (10.7)
ld: warning: object file (./lib/mac//libsgsdl2.a(SDL_haptic.o)) was built for newer OSX version (10.9) than being linked (10.7)
ld: warning: object file (./lib/mac//libsgsdl2.a(SDL_joystick.o)) was built for newer OSX version (10.9) than being linked (10.7)
ld: warning: object file (./lib/mac//libsgsdl2.a(SDL_bmp.o)) was built for newer OSX version (10.9) than being linked (10.7)
ld: warning: object file (./lib/mac//libsgsdl2.a(SDL_gesture.o)) was built for newer OSX version (10.9) than being linked (10.7)
ld: warning: object file (./lib/mac//libsgsdl2.a(SDL_sysloadso.o)) was built for newer OSX version (10.9) than being linked (10.7)
ld: warning: object file (./lib/mac//libsgsdl2.a(SDL_log.o)) was built for newer OSX version (10.9) than being linked (10.7)
ld: warning: object file (./lib/mac//libsgsdl2.a(SDL_mixer.o)) was built for newer OSX version (10.9) than being linked (10.7)
ld: warning: object file (./lib/mac//libsgsdl2.a(SDL_stretch.o)) was built for newer OSX version (10.9) than being linked (10.7)
ld: warning: object file (./lib/mac//libsgsdl2.a(SDL_systhread.o)) was built for newer OSX version (10.9) than being linked (10.7)
ld: warning: object file (./lib/mac//libsgsdl2.a(SDL_stdlib.o)) was built for newer OSX version (10.9) than being linked (10.7)
ld: warning: object file (./lib/mac//libsgsdl2.a(SDL_string.o)) was built for newer OSX version (10.9) than being linked (10.7)
ld: warning: object file (./lib/mac//libsgsdl2.a(SDL_malloc.o)) was built for newer OSX version (10.9) than being linked (10.7)
ld: warning: object file (./lib/mac//libsgsdl2.a(SDL_getenv.o)) was built for newer OSX version (10.9) than being linked (10.7)
ld: warning: object file (./lib/mac//libsgsdl2.a(SDL_iconv.o)) was built for newer OSX version (10.9) than being linked (10.7)
ld: warning: object file (./lib/mac//libsgsdl2.a(SDL_qsort.o)) was built for newer OSX version (10.9) than being linked (10.7)
ld: warning: object file (./lib/mac//libsgsdl2.a(png.o)) was built for newer OSX version (10.9) than being linked (10.7)
ld: warning: object file (./lib/mac//libsgsdl2.a(pngwrite.o)) was built for newer OSX version (10.9) than being linked (10.7)
ld: warning: object file (./lib/mac//libsgsdl2.a(pngmem.o)) was built for newer OSX version (10.9) than being linked (10.7)
ld: warning: object file (./lib/mac//libsgsdl2.a(pngset.o)) was built for newer OSX version (10.9) than being linked (10.7)
ld: warning: object file (./lib/mac//libsgsdl2.a(pngtrans.o)) was built for newer OSX version (10.9) than being linked (10.7)
ld: warning: object file (./lib/mac//libsgsdl2.a(SDL_cocoavideo.o)) was built for newer OSX version (10.9) than being linked (10.7)
ld: warning: object file (./lib/mac//libsgsdl2.a(SDL_coreaudio.o)) was built for newer OSX version (10.9) than being linked (10.7)
ld: warning: object file (./lib/mac//libsgsdl2.a(SDL_cocoawindow.o)) was built for newer OSX version (10.9) than being linked (10.7)
ld: warning: object file (./lib/mac//libsgsdl2.a(SDL_cocoamessagebox.o)) was built for newer OSX version (10.9) than being linked (10.7)
ld: warning: object file (./lib/mac//libsgsdl2.a(SDL_diskaudio.o)) was built for newer OSX version (10.9) than being linked (10.7)
ld: warning: object file (./lib/mac//libsgsdl2.a(SDL_dummyaudio.o)) was built for newer OSX version (10.9) than being linked (10.7)
ld: warning: object file (./lib/mac//libsgsdl2.a(SDL_nullvideo.o)) was built for newer OSX version (10.9) than being linked (10.7)
ld: warning: object file (./lib/mac//libsgsdl2.a(SDL_render_gl.o)) was built for newer OSX version (10.9) than being linked (10.7)
ld: warning: object file (./lib/mac//libsgsdl2.a(SDL_blit.o)) was built for newer OSX version (10.9) than being linked (10.7)
ld: warning: object file (./lib/mac//libsgsdl2.a(SDL_syspower.o)) was built for newer OSX version (10.9) than being linked (10.7)
ld: warning: object file (./lib/mac//libsgsdl2.a(SDL_rwopsbundlesupport.o)) was built for newer OSX version (10.9) than being linked (10.7)
ld: warning: object file (./lib/mac//libsgsdl2.a(SDL_quit.o)) was built for newer OSX version (10.9) than being linked (10.7)
ld: warning: object file (./lib/mac//libsgsdl2.a(SDL_RLEaccel.o)) was built for newer OSX version (10.9) than being linked (10.7)
ld: warning: object file (./lib/mac//libsgsdl2.a(SDL_yuv_sw.o)) was built for newer OSX version (10.9) than being linked (10.7)
ld: warning: object file (./lib/mac//libsgsdl2.a(SDL_sysjoystick.o)) was built for newer OSX version (10.9) than being linked (10.7)
ld: warning: object file (./lib/mac//libsgsdl2.a(SDL_systls.o)) was built for newer OSX version (10.9) than being linked (10.7)
ld: warning: object file (./lib/mac//libsgsdl2.a(SDL_syshaptic.o)) was built for newer OSX version (10.9) than being linked (10.7)
ld: warning: object file (./lib/mac//libsgsdl2.a(SDL_windowevents.o)) was built for newer OSX version (10.9) than being linked (10.7)
ld: warning: object file (./lib/mac//libsgsdl2.a(SDL_render_sw.o)) was built for newer OSX version (10.9) than being linked (10.7)
ld: warning: object file (./lib/mac//libsgsdl2.a(pngerror.o)) was built for newer OSX version (10.9) than being linked (10.7)
ld: warning: object file (./lib/mac//libsgsdl2.a(pngwutil.o)) was built for newer OSX version (10.9) than being linked (10.7)
ld: warning: object file (./lib/mac//libsgsdl2.a(pngread.o)) was built for newer OSX version (10.9) than being linked (10.7)
ld: warning: object file (./lib/mac//libsgsdl2.a(pngwtran.o)) was built for newer OSX version (10.9) than being linked (10.7)
ld: warning: object file (./lib/mac//libsgsdl2.a(pngwio.o)) was built for newer OSX version (10.9) than being linked (10.7)
ld: warning: object file (./lib/mac//libsgsdl2.a(pngget.o)) was built for newer OSX version (10.9) than being linked (10.7)
ld: warning: object file (./lib/mac//libsgsdl2.a(SDL_audiotypecvt.o)) was built for newer OSX version (10.9) than being linked (10.7)
ld: warning: object file (./lib/mac//libsgsdl2.a(SDL_cocoaclipboard.o)) was built for newer OSX version (10.9) than being linked (10.7)
ld: warning: object file (./lib/mac//libsgsdl2.a(SDL_cocoashape.o)) was built for newer OSX version (10.9) than being linked (10.7)
ld: warning: object file (./lib/mac//libsgsdl2.a(SDL_cocoaopengl.o)) was built for newer OSX version (10.9) than being linked (10.7)
ld: warning: object file (./lib/mac//libsgsdl2.a(SDL_cocoamodes.o)) was built for newer OSX version (10.9) than being linked (10.7)
ld: warning: object file (./lib/mac//libsgsdl2.a(SDL_cocoamouse.o)) was built for newer OSX version (10.9) than being linked (10.7)
ld: warning: object file (./lib/mac//libsgsdl2.a(SDL_cocoakeyboard.o)) was built for newer OSX version (10.9) than being linked (10.7)
ld: warning: object file (./lib/mac//libsgsdl2.a(SDL_cocoaevents.o)) was built for newer OSX version (10.9) than being linked (10.7)
ld: warning: object file (./lib/mac//libsgsdl2.a(SDL_nullevents.o)) was built for newer OSX version (10.9) than being linked (10.7)
ld: warning: object file (./lib/mac//libsgsdl2.a(SDL_shaders_gl.o)) was built for newer OSX version (10.9) than being linked (10.7)
ld: warning: object file (./lib/mac//libsgsdl2.a(SDL_blendfillrect.o)) was built for newer OSX version (10.9) than being linked (10.7)
ld: warning: object file (./lib/mac//libsgsdl2.a(SDL_blendline.o)) was built for newer OSX version (10.9) than being linked (10.7)
ld: warning: object file (./lib/mac//libsgsdl2.a(SDL_blendpoint.o)) was built for newer OSX version (10.9) than being linked (10.7)
ld: warning: object file (./lib/mac//libsgsdl2.a(SDL_blit_copy.o)) was built for newer OSX version (10.9) than being linked (10.7)
ld: warning: object file (./lib/mac//libsgsdl2.a(SDL_blit_slow.o)) was built for newer OSX version (10.9) than being linked (10.7)
ld: warning: object file (./lib/mac//libsgsdl2.a(SDL_blit_0.o)) was built for newer OSX version (10.9) than being linked (10.7)
ld: warning: object file (./lib/mac//libsgsdl2.a(SDL_blit_1.o)) was built for newer OSX version (10.9) than being linked (10.7)
ld: warning: object file (./lib/mac//libsgsdl2.a(SDL_blit_A.o)) was built for newer OSX version (10.9) than being linked (10.7)
ld: warning: object file (./lib/mac//libsgsdl2.a(SDL_blit_N.o)) was built for newer OSX version (10.9) than being linked (10.7)
ld: warning: object file (./lib/mac//libsgsdl2.a(SDL_nullframebuffer.o)) was built for newer OSX version (10.9) than being linked (10.7)
ld: warning: object file (./lib/mac//libsgsdl2.a(SDL_drawline.o)) was built for newer OSX version (10.9) than being linked (10.7)
ld: warning: object file (./lib/mac//libsgsdl2.a(SDL_drawpoint.o)) was built for newer OSX version (10.9) than being linked (10.7)
ld: warning: object file (./lib/mac//libsgsdl2.a(SDL_blit_auto.o)) was built for newer OSX version (10.9) than being linked (10.7)
ld: warning: object file (./lib/mac//libsgsdl2.a(SDL_dropevents.o)) was built for newer OSX version (10.9) than being linked (10.7)
ld: warning: object file (./lib/mac//libsgsdl2.a(SDL_rotate.o)) was built for newer OSX version (10.9) than being linked (10.7)
ld: warning: object file (./lib/mac//libsgsdl2.a(pngrutil.o)) was built for newer OSX version (10.9) than being linked (10.7)
ld: warning: object file (./lib/mac//libsgsdl2.a(pngrtran.o)) was built for newer OSX version (10.9) than being linked (10.7)
ld: warning: object file (./lib/mac//libsgsdl2.a(pngrio.o)) was built for newer OSX version (10.9) than being linked (10.7)
ld: warning: object file (./lib/mac//libsgsdl2.a(SDL_cocoamousetap.o)) was built for newer OSX version (10.9) than being linked (10.7)
ld: warning: object file (./lib/mac//libsgsdl2.a(SDL_clipboardevents.o)) was built for newer OSX version (10.9) than being linked (10.7)
